<?xml version="1.0" encoding="UTF-8"?>
<testng-results ignored="0" total="1" passed="1" failed="0" skipped="0">
  <reporter-output>
  </reporter-output>
  <suite started-at="2021-01-17T20:48:49 PST" name="Default suite" finished-at="2021-01-17T20:48:52 PST" duration-ms="2989">
    <groups>
    </groups>
    <test started-at="2021-01-17T20:48:49 PST" name="Default test" finished-at="2021-01-17T20:48:52 PST" duration-ms="2989">
      <class name="TC002_POST_Request">
        <test-method signature="createuserDetails()[pri:0, instance:TC002_POST_Request@7c417213]" started-at="2021-01-17T20:48:49 PST" name="createuserDetails" finished-at="2021-01-17T20:48:52 PST" duration-ms="2950" status="PASS">
          <reporter-output>
          </reporter-output>
        </test-method> <!-- createuserDetails -->
      </class> <!-- TC002_POST_Request -->
    </test> <!-- Default test -->
  </suite> <!-- Default suite -->
</testng-results>
